2012/08/28 17:50:16 [error] [php] Undefined variable: user (C:\Program Files (x86)\EasyPHP-5.3.9\www\styledWords\protected\components\UserIdentity.php:32)
Stack trace:
#0 D:\yii-1.1.12.b600af\framework\validators\CValidator.php(214): CInlineValidator->validateAttribute()
#1 D:\yii-1.1.12.b600af\framework\base\CModel.php(158): CInlineValidator->validate()
#2 C:\Program Files (x86)\EasyPHP-5.3.9\www\styledWords\protected\controllers\SiteController.php(94): LoginForm->validate()
#3 D:\yii-1.1.12.b600af\framework\web\actions\CInlineAction.php(50): SiteController->actionLogin()
#4 D:\yii-1.1.12.b600af\framework\web\CController.php(309): CInlineAction->runWithParams()
#5 D:\yii-1.1.12.b600af\framework\web\CController.php(287): SiteController->runAction()
#6 D:\yii-1.1.12.b600af\framework\web\CController.php(266): SiteController->runActionWithFilters()
#7 D:\yii-1.1.12.b600af\framework\web\CWebApplication.php(283): SiteController->run()
#8 D:\yii-1.1.12.b600af\framework\web\CWebApplication.php(142): CWebApplication->runController()
#9 D:\yii-1.1.12.b600af\framework\base\CApplication.php(162): CWebApplication->processRequest()
#10 C:\Program Files (x86)\EasyPHP-5.3.9\www\styledWords\index.php(13): CWebApplication->run()
REQUEST_URI=/styledWords/site/login
in C:\Program Files (x86)\EasyPHP-5.3.9\www\styledWords\protected\components\UserIdentity.php (32)
in C:\Program Files (x86)\EasyPHP-5.3.9\www\styledWords\protected\models\LoginForm.php (52)
in C:\Program Files (x86)\EasyPHP-5.3.9\www\styledWords\protected\controllers\SiteController.php (94)
2012/08/29 10:20:16 [error] [php] Cannot modify header information - headers already sent by (output started at D:\yii-1.1.12.b600af\framework\db\ar\CActiveRecord.php:1690) (D:\yii-1.1.12.b600af\framework\web\CHttpRequest.php:763)
Stack trace:
#0 C:\Program Files (x86)\EasyPHP-5.3.9\www\styledWords\protected\controllers\UserController.php(98): UserController->redirect()
#1 unknown(0): UserController->actionUpdate()
#2 D:\yii-1.1.12.b600af\framework\web\actions\CAction.php(107): ReflectionMethod->invokeArgs()
#3 D:\yii-1.1.12.b600af\framework\web\actions\CInlineAction.php(48): CInlineAction->runWithParamsInternal()
#4 D:\yii-1.1.12.b600af\framework\web\CController.php(309): CInlineAction->runWithParams()
#5 D:\yii-1.1.12.b600af\framework\web\filters\CFilterChain.php(134): UserController->runAction()
#6 D:\yii-1.1.12.b600af\framework\web\filters\CFilter.php(41): CFilterChain->run()
#7 D:\yii-1.1.12.b600af\framework\web\CController.php(1146): CAccessControlFilter->filter()
#8 D:\yii-1.1.12.b600af\framework\web\filters\CInlineFilter.php(59): UserController->filterAccessControl()
#9 D:\yii-1.1.12.b600af\framework\web\filters\CFilterChain.php(131): CInlineFilter->filter()
#10 D:\yii-1.1.12.b600af\framework\web\CController.php(292): CFilterChain->run()
#11 D:\yii-1.1.12.b600af\framework\web\CController.php(266): UserController->runActionWithFilters()
#12 D:\yii-1.1.12.b600af\framework\web\CWebApplication.php(283): UserController->run()
#13 D:\yii-1.1.12.b600af\framework\web\CWebApplication.php(142): CWebApplication->runController()
#14 D:\yii-1.1.12.b600af\framework\base\CApplication.php(162): CWebApplication->processRequest()
#15 C:\Program Files (x86)\EasyPHP-5.3.9\www\styledWords\index.php(13): CWebApplication->run()
REQUEST_URI=/styledWords/user/update/1
in C:\Program Files (x86)\EasyPHP-5.3.9\www\styledWords\protected\controllers\UserController.php (98)
in C:\Program Files (x86)\EasyPHP-5.3.9\www\styledWords\index.php (13)
2012/08/29 10:40:29 [error] [exception.CHttpException.404] exception 'CHttpException' with message 'Unable to resolve the request "words".' in D:\yii-1.1.12.b600af\framework\web\CWebApplication.php:287
Stack trace:
#0 D:\yii-1.1.12.b600af\framework\web\CWebApplication.php(142): CWebApplication->runController('words')
#1 D:\yii-1.1.12.b600af\framework\base\CApplication.php(162): CWebApplication->processRequest()
#2 C:\Program Files (x86)\EasyPHP-5.3.9\www\styledWords\index.php(13): CApplication->run()
#3 {main}
REQUEST_URI=/styledWords/words
---
2012/08/29 10:40:33 [error] [exception.CHttpException.404] exception 'CHttpException' with message 'Unable to resolve the request "words/admin".' in D:\yii-1.1.12.b600af\framework\web\CWebApplication.php:287
Stack trace:
#0 D:\yii-1.1.12.b600af\framework\web\CWebApplication.php(142): CWebApplication->runController('words/admin')
#1 D:\yii-1.1.12.b600af\framework\base\CApplication.php(162): CWebApplication->processRequest()
#2 C:\Program Files (x86)\EasyPHP-5.3.9\www\styledWords\index.php(13): CApplication->run()
#3 {main}
REQUEST_URI=/styledWords/words/admin
---
2012/08/29 11:00:41 [error] [exception.CException] exception 'CException' with message 'Property "CActiveForm.visible" is not defined.' in D:\yii-1.1.12.b600af\framework\base\CComponent.php:174
Stack trace:
#0 D:\yii-1.1.12.b600af\framework\web\CWidgetFactory.php(162): CComponent->__set('visible', false)
#1 D:\yii-1.1.12.b600af\framework\web\CBaseController.php(147): CWidgetFactory->createWidget(Object(SiteController), 'CActiveForm', Array)
#2 D:\yii-1.1.12.b600af\framework\web\CBaseController.php(190): CBaseController->createWidget('CActiveForm', Array)
#3 C:\Program Files (x86)\EasyPHP-5.3.9\www\styledWords\protected\views\site\index.php(31): CBaseController->beginWidget('CActiveForm', Array)
#4 D:\yii-1.1.12.b600af\framework\web\CBaseController.php(127): require('C:\Program File...')
#5 D:\yii-1.1.12.b600af\framework\web\CBaseController.php(96): CBaseController->renderInternal('C:\Program File...', NULL, true)
#6 D:\yii-1.1.12.b600af\framework\web\CController.php(870): CBaseController->renderFile('C:\Program File...', NULL, true)
#7 D:\yii-1.1.12.b600af\framework\web\CController.php(783): CController->renderPartial('index', NULL, true)
#8 C:\Program Files (x86)\EasyPHP-5.3.9\www\styledWords\protected\controllers\SiteController.php(60): CController->render('index')
#9 D:\yii-1.1.12.b600af\framework\web\actions\CInlineAction.php(50): SiteController->actionIndex()
#10 D:\yii-1.1.12.b600af\framework\web\CController.php(309): CInlineAction->runWithParams(Array)
#11 D:\yii-1.1.12.b600af\framework\web\CController.php(287): CController->runAction(Object(CInlineAction))
#12 D:\yii-1.1.12.b600af\framework\web\CController.php(266): CController->runActionWithFilters(Object(CInlineAction), Array)
#13 D:\yii-1.1.12.b600af\framework\web\CWebApplication.php(283): CController->run('index')
#14 D:\yii-1.1.12.b600af\framework\web\CWebApplication.php(142): CWebApplication->runController('site/index')
#15 D:\yii-1.1.12.b600af\framework\base\CApplication.php(162): CWebApplication->processRequest()
#16 C:\Program Files (x86)\EasyPHP-5.3.9\www\styledWords\index.php(13): CApplication->run()
#17 {main}
REQUEST_URI=/styledWords/site/index
HTTP_REFERER=http://127.0.0.1/styledWords/site/contact
---
2012/08/29 11:01:00 [error] [php] Undefined variable: model (C:\Program Files (x86)\EasyPHP-5.3.9\www\styledWords\protected\views\site\index.php:35)
Stack trace:
#0 D:\yii-1.1.12.b600af\framework\web\CController.php(870): SiteController->renderFile()
#1 D:\yii-1.1.12.b600af\framework\web\CController.php(783): SiteController->renderPartial()
#2 C:\Program Files (x86)\EasyPHP-5.3.9\www\styledWords\protected\controllers\SiteController.php(60): SiteController->render()
#3 D:\yii-1.1.12.b600af\framework\web\actions\CInlineAction.php(50): SiteController->actionIndex()
#4 D:\yii-1.1.12.b600af\framework\web\CController.php(309): CInlineAction->runWithParams()
#5 D:\yii-1.1.12.b600af\framework\web\CController.php(287): SiteController->runAction()
#6 D:\yii-1.1.12.b600af\framework\web\CController.php(266): SiteController->runActionWithFilters()
#7 D:\yii-1.1.12.b600af\framework\web\CWebApplication.php(283): SiteController->run()
#8 D:\yii-1.1.12.b600af\framework\web\CWebApplication.php(142): CWebApplication->runController()
#9 D:\yii-1.1.12.b600af\framework\base\CApplication.php(162): CWebApplication->processRequest()
#10 C:\Program Files (x86)\EasyPHP-5.3.9\www\styledWords\index.php(13): CWebApplication->run()
REQUEST_URI=/styledWords/site/index
in C:\Program Files (x86)\EasyPHP-5.3.9\www\styledWords\protected\views\site\index.php (35)
in C:\Program Files (x86)\EasyPHP-5.3.9\www\styledWords\protected\controllers\SiteController.php (60)
in C:\Program Files (x86)\EasyPHP-5.3.9\www\styledWords\index.php (13)
2012/08/29 11:01:01 [error] [php] Undefined variable: model (C:\Program Files (x86)\EasyPHP-5.3.9\www\styledWords\protected\views\site\index.php:35)
Stack trace:
#0 D:\yii-1.1.12.b600af\framework\web\CController.php(870): SiteController->renderFile()
#1 D:\yii-1.1.12.b600af\framework\web\CController.php(783): SiteController->renderPartial()
#2 C:\Program Files (x86)\EasyPHP-5.3.9\www\styledWords\protected\controllers\SiteController.php(60): SiteController->render()
#3 D:\yii-1.1.12.b600af\framework\web\actions\CInlineAction.php(50): SiteController->actionIndex()
#4 D:\yii-1.1.12.b600af\framework\web\CController.php(309): CInlineAction->runWithParams()
#5 D:\yii-1.1.12.b600af\framework\web\CController.php(287): SiteController->runAction()
#6 D:\yii-1.1.12.b600af\framework\web\CController.php(266): SiteController->runActionWithFilters()
#7 D:\yii-1.1.12.b600af\framework\web\CWebApplication.php(283): SiteController->run()
#8 D:\yii-1.1.12.b600af\framework\web\CWebApplication.php(142): CWebApplication->runController()
#9 D:\yii-1.1.12.b600af\framework\base\CApplication.php(162): CWebApplication->processRequest()
#10 C:\Program Files (x86)\EasyPHP-5.3.9\www\styledWords\index.php(13): CWebApplication->run()
REQUEST_URI=/styledWords/site/index
in C:\Program Files (x86)\EasyPHP-5.3.9\www\styledWords\protected\views\site\index.php (35)
in C:\Program Files (x86)\EasyPHP-5.3.9\www\styledWords\protected\controllers\SiteController.php (60)
in C:\Program Files (x86)\EasyPHP-5.3.9\www\styledWords\index.php (13)
2012/08/29 11:01:01 [error] [php] Undefined variable: model (C:\Program Files (x86)\EasyPHP-5.3.9\www\styledWords\protected\views\site\index.php:35)
Stack trace:
#0 D:\yii-1.1.12.b600af\framework\web\CController.php(870): SiteController->renderFile()
#1 D:\yii-1.1.12.b600af\framework\web\CController.php(783): SiteController->renderPartial()
#2 C:\Program Files (x86)\EasyPHP-5.3.9\www\styledWords\protected\controllers\SiteController.php(60): SiteController->render()
#3 D:\yii-1.1.12.b600af\framework\web\actions\CInlineAction.php(50): SiteController->actionIndex()
#4 D:\yii-1.1.12.b600af\framework\web\CController.php(309): CInlineAction->runWithParams()
#5 D:\yii-1.1.12.b600af\framework\web\CController.php(287): SiteController->runAction()
#6 D:\yii-1.1.12.b600af\framework\web\CController.php(266): SiteController->runActionWithFilters()
#7 D:\yii-1.1.12.b600af\framework\web\CWebApplication.php(283): SiteController->run()
#8 D:\yii-1.1.12.b600af\framework\web\CWebApplication.php(142): CWebApplication->runController()
#9 D:\yii-1.1.12.b600af\framework\base\CApplication.php(162): CWebApplication->processRequest()
#10 C:\Program Files (x86)\EasyPHP-5.3.9\www\styledWords\index.php(13): CWebApplication->run()
REQUEST_URI=/styledWords/site/index
in C:\Program Files (x86)\EasyPHP-5.3.9\www\styledWords\protected\views\site\index.php (35)
in C:\Program Files (x86)\EasyPHP-5.3.9\www\styledWords\protected\controllers\SiteController.php (60)
in C:\Program Files (x86)\EasyPHP-5.3.9\www\styledWords\index.php (13)
2012/08/29 11:01:02 [error] [php] Undefined variable: model (C:\Program Files (x86)\EasyPHP-5.3.9\www\styledWords\protected\views\site\index.php:35)
Stack trace:
#0 D:\yii-1.1.12.b600af\framework\web\CController.php(870): SiteController->renderFile()
#1 D:\yii-1.1.12.b600af\framework\web\CController.php(783): SiteController->renderPartial()
#2 C:\Program Files (x86)\EasyPHP-5.3.9\www\styledWords\protected\controllers\SiteController.php(60): SiteController->render()
#3 D:\yii-1.1.12.b600af\framework\web\actions\CInlineAction.php(50): SiteController->actionIndex()
#4 D:\yii-1.1.12.b600af\framework\web\CController.php(309): CInlineAction->runWithParams()
#5 D:\yii-1.1.12.b600af\framework\web\CController.php(287): SiteController->runAction()
#6 D:\yii-1.1.12.b600af\framework\web\CController.php(266): SiteController->runActionWithFilters()
#7 D:\yii-1.1.12.b600af\framework\web\CWebApplication.php(283): SiteController->run()
#8 D:\yii-1.1.12.b600af\framework\web\CWebApplication.php(142): CWebApplication->runController()
#9 D:\yii-1.1.12.b600af\framework\base\CApplication.php(162): CWebApplication->processRequest()
#10 C:\Program Files (x86)\EasyPHP-5.3.9\www\styledWords\index.php(13): CWebApplication->run()
REQUEST_URI=/styledWords/site/index
in C:\Program Files (x86)\EasyPHP-5.3.9\www\styledWords\protected\views\site\index.php (35)
in C:\Program Files (x86)\EasyPHP-5.3.9\www\styledWords\protected\controllers\SiteController.php (60)
in C:\Program Files (x86)\EasyPHP-5.3.9\www\styledWords\index.php (13)
2012/08/29 11:01:59 [error] [php] get_class() expects parameter 1 to be object, string given (D:\yii-1.1.12.b600af\framework\web\helpers\CHtml.php:2123)
Stack trace:
#0 D:\yii-1.1.12.b600af\framework\web\widgets\CActiveForm.php(563): activeLabelEx()
#1 C:\Program Files (x86)\EasyPHP-5.3.9\www\styledWords\protected\views\site\index.php(35): CActiveForm->labelEx()
#2 D:\yii-1.1.12.b600af\framework\web\CBaseController.php(127): require()
#3 D:\yii-1.1.12.b600af\framework\web\CBaseController.php(96): SiteController->renderInternal()
#4 D:\yii-1.1.12.b600af\framework\web\CController.php(870): SiteController->renderFile()
#5 D:\yii-1.1.12.b600af\framework\web\CController.php(783): SiteController->renderPartial()
#6 C:\Program Files (x86)\EasyPHP-5.3.9\www\styledWords\protected\controllers\SiteController.php(60): SiteController->render()
#7 D:\yii-1.1.12.b600af\framework\web\actions\CInlineAction.php(50): SiteController->actionIndex()
#8 D:\yii-1.1.12.b600af\framework\web\CController.php(309): CInlineAction->runWithParams()
#9 D:\yii-1.1.12.b600af\framework\web\CController.php(287): SiteController->runAction()
#10 D:\yii-1.1.12.b600af\framework\web\CController.php(266): SiteController->runActionWithFilters()
#11 D:\yii-1.1.12.b600af\framework\web\CWebApplication.php(283): SiteController->run()
#12 D:\yii-1.1.12.b600af\framework\web\CWebApplication.php(142): CWebApplication->runController()
#13 D:\yii-1.1.12.b600af\framework\base\CApplication.php(162): CWebApplication->processRequest()
#14 C:\Program Files (x86)\EasyPHP-5.3.9\www\styledWords\index.php(13): CWebApplication->run()
REQUEST_URI=/styledWords/site/index
in C:\Program Files (x86)\EasyPHP-5.3.9\www\styledWords\protected\views\site\index.php (35)
in C:\Program Files (x86)\EasyPHP-5.3.9\www\styledWords\protected\controllers\SiteController.php (60)
in C:\Program Files (x86)\EasyPHP-5.3.9\www\styledWords\index.php (13)
2012/08/29 11:02:01 [error] [php] get_class() expects parameter 1 to be object, string given (D:\yii-1.1.12.b600af\framework\web\helpers\CHtml.php:2123)
Stack trace:
#0 D:\yii-1.1.12.b600af\framework\web\widgets\CActiveForm.php(563): activeLabelEx()
#1 C:\Program Files (x86)\EasyPHP-5.3.9\www\styledWords\protected\views\site\index.php(35): CActiveForm->labelEx()
#2 D:\yii-1.1.12.b600af\framework\web\CBaseController.php(127): require()
#3 D:\yii-1.1.12.b600af\framework\web\CBaseController.php(96): SiteController->renderInternal()
#4 D:\yii-1.1.12.b600af\framework\web\CController.php(870): SiteController->renderFile()
#5 D:\yii-1.1.12.b600af\framework\web\CController.php(783): SiteController->renderPartial()
#6 C:\Program Files (x86)\EasyPHP-5.3.9\www\styledWords\protected\controllers\SiteController.php(60): SiteController->render()
#7 D:\yii-1.1.12.b600af\framework\web\actions\CInlineAction.php(50): SiteController->actionIndex()
#8 D:\yii-1.1.12.b600af\framework\web\CController.php(309): CInlineAction->runWithParams()
#9 D:\yii-1.1.12.b600af\framework\web\CController.php(287): SiteController->runAction()
#10 D:\yii-1.1.12.b600af\framework\web\CController.php(266): SiteController->runActionWithFilters()
#11 D:\yii-1.1.12.b600af\framework\web\CWebApplication.php(283): SiteController->run()
#12 D:\yii-1.1.12.b600af\framework\web\CWebApplication.php(142): CWebApplication->runController()
#13 D:\yii-1.1.12.b600af\framework\base\CApplication.php(162): CWebApplication->processRequest()
#14 C:\Program Files (x86)\EasyPHP-5.3.9\www\styledWords\index.php(13): CWebApplication->run()
REQUEST_URI=/styledWords/site/index
in C:\Program Files (x86)\EasyPHP-5.3.9\www\styledWords\protected\views\site\index.php (35)
in C:\Program Files (x86)\EasyPHP-5.3.9\www\styledWords\protected\controllers\SiteController.php (60)
in C:\Program Files (x86)\EasyPHP-5.3.9\www\styledWords\index.php (13)
2012/08/29 11:02:01 [error] [php] get_class() expects parameter 1 to be object, string given (D:\yii-1.1.12.b600af\framework\web\helpers\CHtml.php:2123)
Stack trace:
#0 D:\yii-1.1.12.b600af\framework\web\widgets\CActiveForm.php(563): activeLabelEx()
#1 C:\Program Files (x86)\EasyPHP-5.3.9\www\styledWords\protected\views\site\index.php(35): CActiveForm->labelEx()
#2 D:\yii-1.1.12.b600af\framework\web\CBaseController.php(127): require()
#3 D:\yii-1.1.12.b600af\framework\web\CBaseController.php(96): SiteController->renderInternal()
#4 D:\yii-1.1.12.b600af\framework\web\CController.php(870): SiteController->renderFile()
#5 D:\yii-1.1.12.b600af\framework\web\CController.php(783): SiteController->renderPartial()
#6 C:\Program Files (x86)\EasyPHP-5.3.9\www\styledWords\protected\controllers\SiteController.php(60): SiteController->render()
#7 D:\yii-1.1.12.b600af\framework\web\actions\CInlineAction.php(50): SiteController->actionIndex()
#8 D:\yii-1.1.12.b600af\framework\web\CController.php(309): CInlineAction->runWithParams()
#9 D:\yii-1.1.12.b600af\framework\web\CController.php(287): SiteController->runAction()
#10 D:\yii-1.1.12.b600af\framework\web\CController.php(266): SiteController->runActionWithFilters()
#11 D:\yii-1.1.12.b600af\framework\web\CWebApplication.php(283): SiteController->run()
#12 D:\yii-1.1.12.b600af\framework\web\CWebApplication.php(142): CWebApplication->runController()
#13 D:\yii-1.1.12.b600af\framework\base\CApplication.php(162): CWebApplication->processRequest()
#14 C:\Program Files (x86)\EasyPHP-5.3.9\www\styledWords\index.php(13): CWebApplication->run()
REQUEST_URI=/styledWords/site/index
in C:\Program Files (x86)\EasyPHP-5.3.9\www\styledWords\protected\views\site\index.php (35)
in C:\Program Files (x86)\EasyPHP-5.3.9\www\styledWords\protected\controllers\SiteController.php (60)
in C:\Program Files (x86)\EasyPHP-5.3.9\www\styledWords\index.php (13)
2012/08/29 11:09:58 [error] [exception.CException] exception 'CException' with message 'SiteController and its behaviors do not have a method or closure named "beginForm".' in D:\yii-1.1.12.b600af\framework\base\CComponent.php:266
Stack trace:
#0 C:\Program Files (x86)\EasyPHP-5.3.9\www\styledWords\protected\views\site\index.php(23): CComponent->__call('beginForm', Array)
#1 C:\Program Files (x86)\EasyPHP-5.3.9\www\styledWords\protected\views\site\index.php(23): SiteController->beginForm('addWord')
#2 D:\yii-1.1.12.b600af\framework\web\CBaseController.php(127): require('C:\Program File...')
#3 D:\yii-1.1.12.b600af\framework\web\CBaseController.php(96): CBaseController->renderInternal('C:\Program File...', NULL, true)
#4 D:\yii-1.1.12.b600af\framework\web\CController.php(870): CBaseController->renderFile('C:\Program File...', NULL, true)
#5 D:\yii-1.1.12.b600af\framework\web\CController.php(783): CController->renderPartial('index', NULL, true)
#6 C:\Program Files (x86)\EasyPHP-5.3.9\www\styledWords\protected\controllers\SiteController.php(60): CController->render('index')
#7 D:\yii-1.1.12.b600af\framework\web\actions\CInlineAction.php(50): SiteController->actionIndex()
#8 D:\yii-1.1.12.b600af\framework\web\CController.php(309): CInlineAction->runWithParams(Array)
#9 D:\yii-1.1.12.b600af\framework\web\CController.php(287): CController->runAction(Object(CInlineAction))
#10 D:\yii-1.1.12.b600af\framework\web\CController.php(266): CController->runActionWithFilters(Object(CInlineAction), Array)
#11 D:\yii-1.1.12.b600af\framework\web\CWebApplication.php(283): CController->run('index')
#12 D:\yii-1.1.12.b600af\framework\web\CWebApplication.php(142): CWebApplication->runController('site/index')
#13 D:\yii-1.1.12.b600af\framework\base\CApplication.php(162): CWebApplication->processRequest()
#14 C:\Program Files (x86)\EasyPHP-5.3.9\www\styledWords\index.php(13): CApplication->run()
#15 {main}
REQUEST_URI=/styledWords/site/index
HTTP_REFERER=http://127.0.0.1/styledWords/site/contact
---
2012/08/29 11:12:49 [error] [php] Undefined variable: form (C:\Program Files (x86)\EasyPHP-5.3.9\www\styledWords\protected\views\site\index.php:28)
Stack trace:
#0 D:\yii-1.1.12.b600af\framework\web\CController.php(870): SiteController->renderFile()
#1 D:\yii-1.1.12.b600af\framework\web\CController.php(783): SiteController->renderPartial()
#2 C:\Program Files (x86)\EasyPHP-5.3.9\www\styledWords\protected\controllers\SiteController.php(60): SiteController->render()
#3 D:\yii-1.1.12.b600af\framework\web\actions\CInlineAction.php(50): SiteController->actionIndex()
#4 D:\yii-1.1.12.b600af\framework\web\CController.php(309): CInlineAction->runWithParams()
#5 D:\yii-1.1.12.b600af\framework\web\CController.php(287): SiteController->runAction()
#6 D:\yii-1.1.12.b600af\framework\web\CController.php(266): SiteController->runActionWithFilters()
#7 D:\yii-1.1.12.b600af\framework\web\CWebApplication.php(283): SiteController->run()
#8 D:\yii-1.1.12.b600af\framework\web\CWebApplication.php(142): CWebApplication->runController()
#9 D:\yii-1.1.12.b600af\framework\base\CApplication.php(162): CWebApplication->processRequest()
#10 C:\Program Files (x86)\EasyPHP-5.3.9\www\styledWords\index.php(13): CWebApplication->run()
REQUEST_URI=/styledWords/site/index
in C:\Program Files (x86)\EasyPHP-5.3.9\www\styledWords\protected\views\site\index.php (28)
in C:\Program Files (x86)\EasyPHP-5.3.9\www\styledWords\protected\controllers\SiteController.php (60)
in C:\Program Files (x86)\EasyPHP-5.3.9\www\styledWords\index.php (13)
2012/08/29 11:31:22 [error] [php] Undefined variable: model (C:\Program Files (x86)\EasyPHP-5.3.9\www\styledWords\protected\views\site\index.php:53)
Stack trace:
#0 D:\yii-1.1.12.b600af\framework\web\CController.php(870): SiteController->renderFile()
#1 D:\yii-1.1.12.b600af\framework\web\CController.php(783): SiteController->renderPartial()
#2 C:\Program Files (x86)\EasyPHP-5.3.9\www\styledWords\protected\controllers\SiteController.php(60): SiteController->render()
#3 D:\yii-1.1.12.b600af\framework\web\actions\CInlineAction.php(50): SiteController->actionIndex()
#4 D:\yii-1.1.12.b600af\framework\web\CController.php(309): CInlineAction->runWithParams()
#5 D:\yii-1.1.12.b600af\framework\web\CController.php(287): SiteController->runAction()
#6 D:\yii-1.1.12.b600af\framework\web\CController.php(266): SiteController->runActionWithFilters()
#7 D:\yii-1.1.12.b600af\framework\web\CWebApplication.php(283): SiteController->run()
#8 D:\yii-1.1.12.b600af\framework\web\CWebApplication.php(142): CWebApplication->runController()
#9 D:\yii-1.1.12.b600af\framework\base\CApplication.php(162): CWebApplication->processRequest()
#10 C:\Program Files (x86)\EasyPHP-5.3.9\www\styledWords\index.php(13): CWebApplication->run()
REQUEST_URI=/styledWords/site/index
in C:\Program Files (x86)\EasyPHP-5.3.9\www\styledWords\protected\views\site\index.php (53)
in C:\Program Files (x86)\EasyPHP-5.3.9\www\styledWords\protected\controllers\SiteController.php (60)
in C:\Program Files (x86)\EasyPHP-5.3.9\www\styledWords\index.php (13)
2012/08/29 11:35:07 [error] [php] Undefined variable: model (C:\Program Files (x86)\EasyPHP-5.3.9\www\styledWords\protected\views\site\index.php:53)
Stack trace:
#0 D:\yii-1.1.12.b600af\framework\web\CController.php(870): SiteController->renderFile()
#1 D:\yii-1.1.12.b600af\framework\web\CController.php(783): SiteController->renderPartial()
#2 C:\Program Files (x86)\EasyPHP-5.3.9\www\styledWords\protected\controllers\SiteController.php(60): SiteController->render()
#3 D:\yii-1.1.12.b600af\framework\web\actions\CInlineAction.php(50): SiteController->actionIndex()
#4 D:\yii-1.1.12.b600af\framework\web\CController.php(309): CInlineAction->runWithParams()
#5 D:\yii-1.1.12.b600af\framework\web\CController.php(287): SiteController->runAction()
#6 D:\yii-1.1.12.b600af\framework\web\CController.php(266): SiteController->runActionWithFilters()
#7 D:\yii-1.1.12.b600af\framework\web\CWebApplication.php(283): SiteController->run()
#8 D:\yii-1.1.12.b600af\framework\web\CWebApplication.php(142): CWebApplication->runController()
#9 D:\yii-1.1.12.b600af\framework\base\CApplication.php(162): CWebApplication->processRequest()
#10 C:\Program Files (x86)\EasyPHP-5.3.9\www\styledWords\index.php(13): CWebApplication->run()
REQUEST_URI=/styledWords/site/index
in C:\Program Files (x86)\EasyPHP-5.3.9\www\styledWords\protected\views\site\index.php (53)
in C:\Program Files (x86)\EasyPHP-5.3.9\www\styledWords\protected\controllers\SiteController.php (60)
in C:\Program Files (x86)\EasyPHP-5.3.9\www\styledWords\index.php (13)
2012/08/29 11:35:55 [error] [exception.CException] exception 'CException' with message 'Property "Record.username" is not defined.' in D:\yii-1.1.12.b600af\framework\base\CComponent.php:131
Stack trace:
#0 D:\yii-1.1.12.b600af\framework\db\ar\CActiveRecord.php(144): CComponent->__get('username')
#1 D:\yii-1.1.12.b600af\framework\web\helpers\CHtml.php(2158): CActiveRecord->__get('username')
#2 D:\yii-1.1.12.b600af\framework\web\helpers\CHtml.php(1887): CHtml::resolveValue(Object(Record), 'username')
#3 D:\yii-1.1.12.b600af\framework\web\helpers\CHtml.php(1217): CHtml::activeInputField('text', Object(Record), 'username', Array)
#4 D:\yii-1.1.12.b600af\framework\web\widgets\CActiveForm.php(658): CHtml::activeTextField(Object(Record), 'username', Array)
#5 C:\Program Files (x86)\EasyPHP-5.3.9\www\styledWords\protected\views\site\index.php(54): CActiveForm->textField(Object(Record), 'username')
#6 D:\yii-1.1.12.b600af\framework\web\CBaseController.php(127): require('C:\Program File...')
#7 D:\yii-1.1.12.b600af\framework\web\CBaseController.php(96): CBaseController->renderInternal('C:\Program File...', Array, true)
#8 D:\yii-1.1.12.b600af\framework\web\CController.php(870): CBaseController->renderFile('C:\Program File...', Array, true)
#9 D:\yii-1.1.12.b600af\framework\web\CController.php(783): CController->renderPartial('index', Array, true)
#10 C:\Program Files (x86)\EasyPHP-5.3.9\www\styledWords\protected\controllers\SiteController.php(60): CController->render('index', Array)
#11 D:\yii-1.1.12.b600af\framework\web\actions\CInlineAction.php(50): SiteController->actionIndex()
#12 D:\yii-1.1.12.b600af\framework\web\CController.php(309): CInlineAction->runWithParams(Array)
#13 D:\yii-1.1.12.b600af\framework\web\CController.php(287): CController->runAction(Object(CInlineAction))
#14 D:\yii-1.1.12.b600af\framework\web\CController.php(266): CController->runActionWithFilters(Object(CInlineAction), Array)
#15 D:\yii-1.1.12.b600af\framework\web\CWebApplication.php(283): CController->run('index')
#16 D:\yii-1.1.12.b600af\framework\web\CWebApplication.php(142): CWebApplication->runController('site/index')
#17 D:\yii-1.1.12.b600af\framework\base\CApplication.php(162): CWebApplication->processRequest()
#18 C:\Program Files (x86)\EasyPHP-5.3.9\www\styledWords\index.php(13): CApplication->run()
#19 {main}
REQUEST_URI=/styledWords/site/index
HTTP_REFERER=http://127.0.0.1/styledWords/site/contact
---
2012/08/29 11:37:31 [error] [exception.CException] exception 'CException' with message 'Property "Record.username" is not defined.' in D:\yii-1.1.12.b600af\framework\base\CComponent.php:131
Stack trace:
#0 D:\yii-1.1.12.b600af\framework\db\ar\CActiveRecord.php(144): CComponent->__get('username')
#1 D:\yii-1.1.12.b600af\framework\web\helpers\CHtml.php(2158): CActiveRecord->__get('username')
#2 D:\yii-1.1.12.b600af\framework\web\helpers\CHtml.php(1887): CHtml::resolveValue(Object(Record), 'username')
#3 D:\yii-1.1.12.b600af\framework\web\helpers\CHtml.php(1217): CHtml::activeInputField('text', Object(Record), 'username', Array)
#4 D:\yii-1.1.12.b600af\framework\web\widgets\CActiveForm.php(658): CHtml::activeTextField(Object(Record), 'username', Array)
#5 C:\Program Files (x86)\EasyPHP-5.3.9\www\styledWords\protected\views\site\index.php(54): CActiveForm->textField(Object(Record), 'username')
#6 D:\yii-1.1.12.b600af\framework\web\CBaseController.php(127): require('C:\Program File...')
#7 D:\yii-1.1.12.b600af\framework\web\CBaseController.php(96): CBaseController->renderInternal('C:\Program File...', Array, true)
#8 D:\yii-1.1.12.b600af\framework\web\CController.php(870): CBaseController->renderFile('C:\Program File...', Array, true)
#9 D:\yii-1.1.12.b600af\framework\web\CController.php(783): CController->renderPartial('index', Array, true)
#10 C:\Program Files (x86)\EasyPHP-5.3.9\www\styledWords\protected\controllers\SiteController.php(60): CController->render('index', Array)
#11 D:\yii-1.1.12.b600af\framework\web\actions\CInlineAction.php(50): SiteController->actionIndex()
#12 D:\yii-1.1.12.b600af\framework\web\CController.php(309): CInlineAction->runWithParams(Array)
#13 D:\yii-1.1.12.b600af\framework\web\CController.php(287): CController->runAction(Object(CInlineAction))
#14 D:\yii-1.1.12.b600af\framework\web\CController.php(266): CController->runActionWithFilters(Object(CInlineAction), Array)
#15 D:\yii-1.1.12.b600af\framework\web\CWebApplication.php(283): CController->run('index')
#16 D:\yii-1.1.12.b600af\framework\web\CWebApplication.php(142): CWebApplication->runController('site/index')
#17 D:\yii-1.1.12.b600af\framework\base\CApplication.php(162): CWebApplication->processRequest()
#18 C:\Program Files (x86)\EasyPHP-5.3.9\www\styledWords\index.php(13): CApplication->run()
#19 {main}
REQUEST_URI=/styledWords/site/index
HTTP_REFERER=http://127.0.0.1/styledWords/site/contact
---
2012/08/29 11:43:37 [error] [exception.CException] exception 'CException' with message 'Property "Record.username" is not defined.' in D:\yii-1.1.12.b600af\framework\base\CComponent.php:131
Stack trace:
#0 D:\yii-1.1.12.b600af\framework\db\ar\CActiveRecord.php(144): CComponent->__get('username')
#1 D:\yii-1.1.12.b600af\framework\web\helpers\CHtml.php(2158): CActiveRecord->__get('username')
#2 D:\yii-1.1.12.b600af\framework\web\helpers\CHtml.php(1887): CHtml::resolveValue(Object(Record), 'username')
#3 D:\yii-1.1.12.b600af\framework\web\helpers\CHtml.php(1217): CHtml::activeInputField('text', Object(Record), 'username', Array)
#4 D:\yii-1.1.12.b600af\framework\web\widgets\CActiveForm.php(658): CHtml::activeTextField(Object(Record), 'username', Array)
#5 C:\Program Files (x86)\EasyPHP-5.3.9\www\styledWords\protected\views\site\index.php(54): CActiveForm->textField(Object(Record), 'username')
#6 D:\yii-1.1.12.b600af\framework\web\CBaseController.php(127): require('C:\Program File...')
#7 D:\yii-1.1.12.b600af\framework\web\CBaseController.php(96): CBaseController->renderInternal('C:\Program File...', Array, true)
#8 D:\yii-1.1.12.b600af\framework\web\CController.php(870): CBaseController->renderFile('C:\Program File...', Array, true)
#9 D:\yii-1.1.12.b600af\framework\web\CController.php(783): CController->renderPartial('index', Array, true)
#10 C:\Program Files (x86)\EasyPHP-5.3.9\www\styledWords\protected\controllers\SiteController.php(60): CController->render('index', Array)
#11 D:\yii-1.1.12.b600af\framework\web\actions\CInlineAction.php(50): SiteController->actionIndex()
#12 D:\yii-1.1.12.b600af\framework\web\CController.php(309): CInlineAction->runWithParams(Array)
#13 D:\yii-1.1.12.b600af\framework\web\CController.php(287): CController->runAction(Object(CInlineAction))
#14 D:\yii-1.1.12.b600af\framework\web\CController.php(266): CController->runActionWithFilters(Object(CInlineAction), Array)
#15 D:\yii-1.1.12.b600af\framework\web\CWebApplication.php(283): CController->run('index')
#16 D:\yii-1.1.12.b600af\framework\web\CWebApplication.php(142): CWebApplication->runController('site/index')
#17 D:\yii-1.1.12.b600af\framework\base\CApplication.php(162): CWebApplication->processRequest()
#18 C:\Program Files (x86)\EasyPHP-5.3.9\www\styledWords\index.php(13): CApplication->run()
#19 {main}
REQUEST_URI=/styledWords/site/index
HTTP_REFERER=http://127.0.0.1/styledWords/site/contact
---
2012/08/29 11:43:45 [error] [exception.CException] exception 'CException' with message 'Property "Record.username" is not defined.' in D:\yii-1.1.12.b600af\framework\base\CComponent.php:131
Stack trace:
#0 D:\yii-1.1.12.b600af\framework\db\ar\CActiveRecord.php(144): CComponent->__get('username')
#1 D:\yii-1.1.12.b600af\framework\web\helpers\CHtml.php(2158): CActiveRecord->__get('username')
#2 D:\yii-1.1.12.b600af\framework\web\helpers\CHtml.php(1887): CHtml::resolveValue(Object(Record), 'username')
#3 D:\yii-1.1.12.b600af\framework\web\helpers\CHtml.php(1217): CHtml::activeInputField('text', Object(Record), 'username', Array)
#4 D:\yii-1.1.12.b600af\framework\web\widgets\CActiveForm.php(658): CHtml::activeTextField(Object(Record), 'username', Array)
#5 C:\Program Files (x86)\EasyPHP-5.3.9\www\styledWords\protected\views\site\index.php(54): CActiveForm->textField(Object(Record), 'username')
#6 D:\yii-1.1.12.b600af\framework\web\CBaseController.php(127): require('C:\Program File...')
#7 D:\yii-1.1.12.b600af\framework\web\CBaseController.php(96): CBaseController->renderInternal('C:\Program File...', Array, true)
#8 D:\yii-1.1.12.b600af\framework\web\CController.php(870): CBaseController->renderFile('C:\Program File...', Array, true)
#9 D:\yii-1.1.12.b600af\framework\web\CController.php(783): CController->renderPartial('index', Array, true)
#10 C:\Program Files (x86)\EasyPHP-5.3.9\www\styledWords\protected\controllers\SiteController.php(60): CController->render('index', Array)
#11 D:\yii-1.1.12.b600af\framework\web\actions\CInlineAction.php(50): SiteController->actionIndex()
#12 D:\yii-1.1.12.b600af\framework\web\CController.php(309): CInlineAction->runWithParams(Array)
#13 D:\yii-1.1.12.b600af\framework\web\CController.php(287): CController->runAction(Object(CInlineAction))
#14 D:\yii-1.1.12.b600af\framework\web\CController.php(266): CController->runActionWithFilters(Object(CInlineAction), Array)
#15 D:\yii-1.1.12.b600af\framework\web\CWebApplication.php(283): CController->run('index')
#16 D:\yii-1.1.12.b600af\framework\web\CWebApplication.php(142): CWebApplication->runController('site/index')
#17 D:\yii-1.1.12.b600af\framework\base\CApplication.php(162): CWebApplication->processRequest()
#18 C:\Program Files (x86)\EasyPHP-5.3.9\www\styledWords\index.php(13): CApplication->run()
#19 {main}
REQUEST_URI=/styledWords/site/index
HTTP_REFERER=http://127.0.0.1/styledWords/site/contact
---
2012/08/29 11:54:28 [error] [php] Use of undefined constant console - assumed 'console' (C:\Program Files (x86)\EasyPHP-5.3.9\www\styledWords\protected\views\site\index.php:31)
Stack trace:
#0 D:\yii-1.1.12.b600af\framework\web\CController.php(870): SiteController->renderFile()
#1 D:\yii-1.1.12.b600af\framework\web\CController.php(783): SiteController->renderPartial()
#2 C:\Program Files (x86)\EasyPHP-5.3.9\www\styledWords\protected\controllers\SiteController.php(60): SiteController->render()
#3 D:\yii-1.1.12.b600af\framework\web\actions\CInlineAction.php(50): SiteController->actionIndex()
#4 D:\yii-1.1.12.b600af\framework\web\CController.php(309): CInlineAction->runWithParams()
#5 D:\yii-1.1.12.b600af\framework\web\CController.php(287): SiteController->runAction()
#6 D:\yii-1.1.12.b600af\framework\web\CController.php(266): SiteController->runActionWithFilters()
#7 D:\yii-1.1.12.b600af\framework\web\CWebApplication.php(283): SiteController->run()
#8 D:\yii-1.1.12.b600af\framework\web\CWebApplication.php(142): CWebApplication->runController()
#9 D:\yii-1.1.12.b600af\framework\base\CApplication.php(162): CWebApplication->processRequest()
#10 C:\Program Files (x86)\EasyPHP-5.3.9\www\styledWords\index.php(13): CWebApplication->run()
REQUEST_URI=/styledWords/site/index
in C:\Program Files (x86)\EasyPHP-5.3.9\www\styledWords\protected\views\site\index.php (31)
in C:\Program Files (x86)\EasyPHP-5.3.9\www\styledWords\protected\controllers\SiteController.php (60)
in C:\Program Files (x86)\EasyPHP-5.3.9\www\styledWords\index.php (13)
2012/08/29 11:54:29 [error] [php] Use of undefined constant console - assumed 'console' (C:\Program Files (x86)\EasyPHP-5.3.9\www\styledWords\protected\views\site\index.php:31)
Stack trace:
#0 D:\yii-1.1.12.b600af\framework\web\CController.php(870): SiteController->renderFile()
#1 D:\yii-1.1.12.b600af\framework\web\CController.php(783): SiteController->renderPartial()
#2 C:\Program Files (x86)\EasyPHP-5.3.9\www\styledWords\protected\controllers\SiteController.php(60): SiteController->render()
#3 D:\yii-1.1.12.b600af\framework\web\actions\CInlineAction.php(50): SiteController->actionIndex()
#4 D:\yii-1.1.12.b600af\framework\web\CController.php(309): CInlineAction->runWithParams()
#5 D:\yii-1.1.12.b600af\framework\web\CController.php(287): SiteController->runAction()
#6 D:\yii-1.1.12.b600af\framework\web\CController.php(266): SiteController->runActionWithFilters()
#7 D:\yii-1.1.12.b600af\framework\web\CWebApplication.php(283): SiteController->run()
#8 D:\yii-1.1.12.b600af\framework\web\CWebApplication.php(142): CWebApplication->runController()
#9 D:\yii-1.1.12.b600af\framework\base\CApplication.php(162): CWebApplication->processRequest()
#10 C:\Program Files (x86)\EasyPHP-5.3.9\www\styledWords\index.php(13): CWebApplication->run()
REQUEST_URI=/styledWords/site/index
in C:\Program Files (x86)\EasyPHP-5.3.9\www\styledWords\protected\views\site\index.php (31)
in C:\Program Files (x86)\EasyPHP-5.3.9\www\styledWords\protected\controllers\SiteController.php (60)
in C:\Program Files (x86)\EasyPHP-5.3.9\www\styledWords\index.php (13)
2012/08/29 11:54:29 [error] [php] Use of undefined constant console - assumed 'console' (C:\Program Files (x86)\EasyPHP-5.3.9\www\styledWords\protected\views\site\index.php:31)
Stack trace:
#0 D:\yii-1.1.12.b600af\framework\web\CController.php(870): SiteController->renderFile()
#1 D:\yii-1.1.12.b600af\framework\web\CController.php(783): SiteController->renderPartial()
#2 C:\Program Files (x86)\EasyPHP-5.3.9\www\styledWords\protected\controllers\SiteController.php(60): SiteController->render()
#3 D:\yii-1.1.12.b600af\framework\web\actions\CInlineAction.php(50): SiteController->actionIndex()
#4 D:\yii-1.1.12.b600af\framework\web\CController.php(309): CInlineAction->runWithParams()
#5 D:\yii-1.1.12.b600af\framework\web\CController.php(287): SiteController->runAction()
#6 D:\yii-1.1.12.b600af\framework\web\CController.php(266): SiteController->runActionWithFilters()
#7 D:\yii-1.1.12.b600af\framework\web\CWebApplication.php(283): SiteController->run()
#8 D:\yii-1.1.12.b600af\framework\web\CWebApplication.php(142): CWebApplication->runController()
#9 D:\yii-1.1.12.b600af\framework\base\CApplication.php(162): CWebApplication->processRequest()
#10 C:\Program Files (x86)\EasyPHP-5.3.9\www\styledWords\index.php(13): CWebApplication->run()
REQUEST_URI=/styledWords/site/index
in C:\Program Files (x86)\EasyPHP-5.3.9\www\styledWords\protected\views\site\index.php (31)
in C:\Program Files (x86)\EasyPHP-5.3.9\www\styledWords\protected\controllers\SiteController.php (60)
in C:\Program Files (x86)\EasyPHP-5.3.9\www\styledWords\index.php (13)
2012/08/29 11:54:29 [error] [php] Use of undefined constant console - assumed 'console' (C:\Program Files (x86)\EasyPHP-5.3.9\www\styledWords\protected\views\site\index.php:31)
Stack trace:
#0 D:\yii-1.1.12.b600af\framework\web\CController.php(870): SiteController->renderFile()
#1 D:\yii-1.1.12.b600af\framework\web\CController.php(783): SiteController->renderPartial()
#2 C:\Program Files (x86)\EasyPHP-5.3.9\www\styledWords\protected\controllers\SiteController.php(60): SiteController->render()
#3 D:\yii-1.1.12.b600af\framework\web\actions\CInlineAction.php(50): SiteController->actionIndex()
#4 D:\yii-1.1.12.b600af\framework\web\CController.php(309): CInlineAction->runWithParams()
#5 D:\yii-1.1.12.b600af\framework\web\CController.php(287): SiteController->runAction()
#6 D:\yii-1.1.12.b600af\framework\web\CController.php(266): SiteController->runActionWithFilters()
#7 D:\yii-1.1.12.b600af\framework\web\CWebApplication.php(283): SiteController->run()
#8 D:\yii-1.1.12.b600af\framework\web\CWebApplication.php(142): CWebApplication->runController()
#9 D:\yii-1.1.12.b600af\framework\base\CApplication.php(162): CWebApplication->processRequest()
#10 C:\Program Files (x86)\EasyPHP-5.3.9\www\styledWords\index.php(13): CWebApplication->run()
REQUEST_URI=/styledWords/site/index
in C:\Program Files (x86)\EasyPHP-5.3.9\www\styledWords\protected\views\site\index.php (31)
in C:\Program Files (x86)\EasyPHP-5.3.9\www\styledWords\protected\controllers\SiteController.php (60)
in C:\Program Files (x86)\EasyPHP-5.3.9\www\styledWords\index.php (13)
2012/08/29 16:07:34 [error] [php] Indirect modification of overloaded property Notation::$attributes has no effect (C:\Program Files (x86)\EasyPHP-5.3.9\www\styledWords\protected\controllers\SiteController.php:31)
Stack trace:
#0 D:\yii-1.1.12.b600af\framework\web\CController.php(287): SiteController->runAction()
#1 D:\yii-1.1.12.b600af\framework\web\CController.php(266): SiteController->runActionWithFilters()
#2 D:\yii-1.1.12.b600af\framework\web\CWebApplication.php(283): SiteController->run()
#3 D:\yii-1.1.12.b600af\framework\web\CWebApplication.php(142): CWebApplication->runController()
#4 D:\yii-1.1.12.b600af\framework\base\CApplication.php(162): CWebApplication->processRequest()
#5 C:\Program Files (x86)\EasyPHP-5.3.9\www\styledWords\index.php(13): CWebApplication->run()
REQUEST_URI=/styledWords/site/addRecord?note=test
in C:\Program Files (x86)\EasyPHP-5.3.9\www\styledWords\protected\controllers\SiteController.php (31)
in C:\Program Files (x86)\EasyPHP-5.3.9\www\styledWords\index.php (13)
2012/08/29 17:12:23 [error] [php] Undefined index: note (C:\Program Files (x86)\EasyPHP-5.3.9\www\styledWords\protected\controllers\SiteController.php:31)
Stack trace:
#0 D:\yii-1.1.12.b600af\framework\web\CController.php(287): SiteController->runAction()
#1 D:\yii-1.1.12.b600af\framework\web\CController.php(266): SiteController->runActionWithFilters()
#2 D:\yii-1.1.12.b600af\framework\web\CWebApplication.php(283): SiteController->run()
#3 D:\yii-1.1.12.b600af\framework\web\CWebApplication.php(142): CWebApplication->runController()
#4 D:\yii-1.1.12.b600af\framework\base\CApplication.php(162): CWebApplication->processRequest()
#5 C:\Program Files (x86)\EasyPHP-5.3.9\www\styledWords\index.php(13): CWebApplication->run()
REQUEST_URI=/styledWords/site/addRecord
in C:\Program Files (x86)\EasyPHP-5.3.9\www\styledWords\protected\controllers\SiteController.php (31)
in C:\Program Files (x86)\EasyPHP-5.3.9\www\styledWords\index.php (13)
2012/08/29 17:12:25 [error] [php] Undefined variable: record (C:\Program Files (x86)\EasyPHP-5.3.9\www\styledWords\protected\views\site\index.php:33)
Stack trace:
#0 D:\yii-1.1.12.b600af\framework\web\CController.php(870): SiteController->renderFile()
#1 D:\yii-1.1.12.b600af\framework\web\CController.php(783): SiteController->renderPartial()
#2 C:\Program Files (x86)\EasyPHP-5.3.9\www\styledWords\protected\controllers\SiteController.php(71): SiteController->render()
#3 D:\yii-1.1.12.b600af\framework\web\actions\CInlineAction.php(50): SiteController->actionIndex()
#4 D:\yii-1.1.12.b600af\framework\web\CController.php(309): CInlineAction->runWithParams()
#5 D:\yii-1.1.12.b600af\framework\web\CController.php(287): SiteController->runAction()
#6 D:\yii-1.1.12.b600af\framework\web\CController.php(266): SiteController->runActionWithFilters()
#7 D:\yii-1.1.12.b600af\framework\web\CWebApplication.php(283): SiteController->run()
#8 D:\yii-1.1.12.b600af\framework\web\CWebApplication.php(142): CWebApplication->runController()
#9 D:\yii-1.1.12.b600af\framework\base\CApplication.php(162): CWebApplication->processRequest()
#10 C:\Program Files (x86)\EasyPHP-5.3.9\www\styledWords\index.php(13): CWebApplication->run()
REQUEST_URI=/styledWords/site/index
in C:\Program Files (x86)\EasyPHP-5.3.9\www\styledWords\protected\views\site\index.php (33)
in C:\Program Files (x86)\EasyPHP-5.3.9\www\styledWords\protected\controllers\SiteController.php (71)
in C:\Program Files (x86)\EasyPHP-5.3.9\www\styledWords\index.php (13)
2012/08/29 17:12:29 [error] [php] Undefined variable: record (C:\Program Files (x86)\EasyPHP-5.3.9\www\styledWords\protected\views\site\index.php:33)
Stack trace:
#0 D:\yii-1.1.12.b600af\framework\web\CController.php(870): SiteController->renderFile()
#1 D:\yii-1.1.12.b600af\framework\web\CController.php(783): SiteController->renderPartial()
#2 C:\Program Files (x86)\EasyPHP-5.3.9\www\styledWords\protected\controllers\SiteController.php(71): SiteController->render()
#3 D:\yii-1.1.12.b600af\framework\web\actions\CInlineAction.php(50): SiteController->actionIndex()
#4 D:\yii-1.1.12.b600af\framework\web\CController.php(309): CInlineAction->runWithParams()
#5 D:\yii-1.1.12.b600af\framework\web\CController.php(287): SiteController->runAction()
#6 D:\yii-1.1.12.b600af\framework\web\CController.php(266): SiteController->runActionWithFilters()
#7 D:\yii-1.1.12.b600af\framework\web\CWebApplication.php(283): SiteController->run()
#8 D:\yii-1.1.12.b600af\framework\web\CWebApplication.php(142): CWebApplication->runController()
#9 D:\yii-1.1.12.b600af\framework\base\CApplication.php(162): CWebApplication->processRequest()
#10 C:\Program Files (x86)\EasyPHP-5.3.9\www\styledWords\index.php(13): CWebApplication->run()
REQUEST_URI=/styledWords/site/index
in C:\Program Files (x86)\EasyPHP-5.3.9\www\styledWords\protected\views\site\index.php (33)
in C:\Program Files (x86)\EasyPHP-5.3.9\www\styledWords\protected\controllers\SiteController.php (71)
in C:\Program Files (x86)\EasyPHP-5.3.9\www\styledWords\index.php (13)
2012/08/29 17:13:02 [error] [exception.CException] exception 'CException' with message 'Property "Record.username" is not defined.' in D:\yii-1.1.12.b600af\framework\base\CComponent.php:131
Stack trace:
#0 D:\yii-1.1.12.b600af\framework\db\ar\CActiveRecord.php(144): CComponent->__get('username')
#1 D:\yii-1.1.12.b600af\framework\web\helpers\CHtml.php(2158): CActiveRecord->__get('username')
#2 D:\yii-1.1.12.b600af\framework\web\helpers\CHtml.php(1887): CHtml::resolveValue(Object(Record), 'username')
#3 D:\yii-1.1.12.b600af\framework\web\helpers\CHtml.php(1217): CHtml::activeInputField('text', Object(Record), 'username', Array)
#4 D:\yii-1.1.12.b600af\framework\web\widgets\CActiveForm.php(658): CHtml::activeTextField(Object(Record), 'username', Array)
#5 C:\Program Files (x86)\EasyPHP-5.3.9\www\styledWords\protected\views\site\index.php(34): CActiveForm->textField(Object(Record), 'username')
#6 D:\yii-1.1.12.b600af\framework\web\CBaseController.php(127): require('C:\Program File...')
#7 D:\yii-1.1.12.b600af\framework\web\CBaseController.php(96): CBaseController->renderInternal('C:\Program File...', Array, true)
#8 D:\yii-1.1.12.b600af\framework\web\CController.php(870): CBaseController->renderFile('C:\Program File...', Array, true)
#9 D:\yii-1.1.12.b600af\framework\web\CController.php(783): CController->renderPartial('index', Array, true)
#10 C:\Program Files (x86)\EasyPHP-5.3.9\www\styledWords\protected\controllers\SiteController.php(71): CController->render('index', Array)
#11 D:\yii-1.1.12.b600af\framework\web\actions\CInlineAction.php(50): SiteController->actionIndex()
#12 D:\yii-1.1.12.b600af\framework\web\CController.php(309): CInlineAction->runWithParams(Array)
#13 D:\yii-1.1.12.b600af\framework\web\CController.php(287): CController->runAction(Object(CInlineAction))
#14 D:\yii-1.1.12.b600af\framework\web\CController.php(266): CController->runActionWithFilters(Object(CInlineAction), Array)
#15 D:\yii-1.1.12.b600af\framework\web\CWebApplication.php(283): CController->run('index')
#16 D:\yii-1.1.12.b600af\framework\web\CWebApplication.php(142): CWebApplication->runController('site/index')
#17 D:\yii-1.1.12.b600af\framework\base\CApplication.php(162): CWebApplication->processRequest()
#18 C:\Program Files (x86)\EasyPHP-5.3.9\www\styledWords\index.php(13): CApplication->run()
#19 {main}
REQUEST_URI=/styledWords/site/index
---
2012/08/29 17:18:13 [error] [exception.CException] exception 'CException' with message 'SiteController contains improperly nested widget tags in its view "C:\Program Files (x86)\EasyPHP-5.3.9\www\styledWords\protected\views\site\index.php". A CActiveForm widget does not have an endWidget() call.' in D:\yii-1.1.12.b600af\framework\web\CBaseController.php:102
Stack trace:
#0 D:\yii-1.1.12.b600af\framework\web\CController.php(870): CBaseController->renderFile('C:\Program File...', Array, true)
#1 D:\yii-1.1.12.b600af\framework\web\CController.php(783): CController->renderPartial('index', Array, true)
#2 C:\Program Files (x86)\EasyPHP-5.3.9\www\styledWords\protected\controllers\SiteController.php(71): CController->render('index', Array)
#3 D:\yii-1.1.12.b600af\framework\web\actions\CInlineAction.php(50): SiteController->actionIndex()
#4 D:\yii-1.1.12.b600af\framework\web\CController.php(309): CInlineAction->runWithParams(Array)
#5 D:\yii-1.1.12.b600af\framework\web\CController.php(287): CController->runAction(Object(CInlineAction))
#6 D:\yii-1.1.12.b600af\framework\web\CController.php(266): CController->runActionWithFilters(Object(CInlineAction), Array)
#7 D:\yii-1.1.12.b600af\framework\web\CWebApplication.php(283): CController->run('index')
#8 D:\yii-1.1.12.b600af\framework\web\CWebApplication.php(142): CWebApplication->runController('site/index')
#9 D:\yii-1.1.12.b600af\framework\base\CApplication.php(162): CWebApplication->processRequest()
#10 C:\Program Files (x86)\EasyPHP-5.3.9\www\styledWords\index.php(13): CApplication->run()
#11 {main}
REQUEST_URI=/styledWords/site/index
---
2012/08/29 17:33:25 [error] [php] Undefined index: note (C:\Program Files (x86)\EasyPHP-5.3.9\www\styledWords\protected\controllers\SiteController.php:31)
Stack trace:
#0 D:\yii-1.1.12.b600af\framework\web\CController.php(287): SiteController->runAction()
#1 D:\yii-1.1.12.b600af\framework\web\CController.php(266): SiteController->runActionWithFilters()
#2 D:\yii-1.1.12.b600af\framework\web\CWebApplication.php(283): SiteController->run()
#3 D:\yii-1.1.12.b600af\framework\web\CWebApplication.php(142): CWebApplication->runController()
#4 D:\yii-1.1.12.b600af\framework\base\CApplication.php(162): CWebApplication->processRequest()
#5 C:\Program Files (x86)\EasyPHP-5.3.9\www\styledWords\index.php(13): CWebApplication->run()
REQUEST_URI=/styledWords/site/addRecord
in C:\Program Files (x86)\EasyPHP-5.3.9\www\styledWords\protected\controllers\SiteController.php (31)
in C:\Program Files (x86)\EasyPHP-5.3.9\www\styledWords\index.php (13)
2012/08/29 17:34:46 [error] [php] Undefined index: note (C:\Program Files (x86)\EasyPHP-5.3.9\www\styledWords\protected\controllers\SiteController.php:31)
Stack trace:
#0 D:\yii-1.1.12.b600af\framework\web\CController.php(287): SiteController->runAction()
#1 D:\yii-1.1.12.b600af\framework\web\CController.php(266): SiteController->runActionWithFilters()
#2 D:\yii-1.1.12.b600af\framework\web\CWebApplication.php(283): SiteController->run()
#3 D:\yii-1.1.12.b600af\framework\web\CWebApplication.php(142): CWebApplication->runController()
#4 D:\yii-1.1.12.b600af\framework\base\CApplication.php(162): CWebApplication->processRequest()
#5 C:\Program Files (x86)\EasyPHP-5.3.9\www\styledWords\index.php(13): CWebApplication->run()
REQUEST_URI=/styledWords/site/addRecord
in C:\Program Files (x86)\EasyPHP-5.3.9\www\styledWords\protected\controllers\SiteController.php (31)
in C:\Program Files (x86)\EasyPHP-5.3.9\www\styledWords\index.php (13)
2012/08/29 17:35:03 [error] [php] Undefined index: note (C:\Program Files (x86)\EasyPHP-5.3.9\www\styledWords\protected\controllers\SiteController.php:32)
Stack trace:
#0 D:\yii-1.1.12.b600af\framework\web\CController.php(287): SiteController->runAction()
#1 D:\yii-1.1.12.b600af\framework\web\CController.php(266): SiteController->runActionWithFilters()
#2 D:\yii-1.1.12.b600af\framework\web\CWebApplication.php(283): SiteController->run()
#3 D:\yii-1.1.12.b600af\framework\web\CWebApplication.php(142): CWebApplication->runController()
#4 D:\yii-1.1.12.b600af\framework\base\CApplication.php(162): CWebApplication->processRequest()
#5 C:\Program Files (x86)\EasyPHP-5.3.9\www\styledWords\index.php(13): CWebApplication->run()
REQUEST_URI=/styledWords/site/addRecord?note=1
in C:\Program Files (x86)\EasyPHP-5.3.9\www\styledWords\protected\controllers\SiteController.php (32)
in C:\Program Files (x86)\EasyPHP-5.3.9\www\styledWords\index.php (13)
2012/08/30 10:42:42 [error] [php] Undefined index: words (C:\Program Files (x86)\EasyPHP-5.3.9\www\styledWords\protected\controllers\SiteController.php:35)
Stack trace:
#0 D:\yii-1.1.12.b600af\framework\web\CController.php(287): SiteController->runAction()
#1 D:\yii-1.1.12.b600af\framework\web\CController.php(266): SiteController->runActionWithFilters()
#2 D:\yii-1.1.12.b600af\framework\web\CWebApplication.php(283): SiteController->run()
#3 D:\yii-1.1.12.b600af\framework\web\CWebApplication.php(142): CWebApplication->runController()
#4 D:\yii-1.1.12.b600af\framework\base\CApplication.php(162): CWebApplication->processRequest()
#5 C:\Program Files (x86)\EasyPHP-5.3.9\www\styledWords\index.php(13): CWebApplication->run()
REQUEST_URI=/styledWords/site/addRecord?note=1
in C:\Program Files (x86)\EasyPHP-5.3.9\www\styledWords\protected\controllers\SiteController.php (35)
in C:\Program Files (x86)\EasyPHP-5.3.9\www\styledWords\index.php (13)
2012/08/30 11:06:19 [error] [php] Undefined index: words (C:\Program Files (x86)\EasyPHP-5.3.9\www\styledWords\protected\controllers\SiteController.php:35)
Stack trace:
#0 D:\yii-1.1.12.b600af\framework\web\CController.php(287): SiteController->runAction()
#1 D:\yii-1.1.12.b600af\framework\web\CController.php(266): SiteController->runActionWithFilters()
#2 D:\yii-1.1.12.b600af\framework\web\CWebApplication.php(283): SiteController->run()
#3 D:\yii-1.1.12.b600af\framework\web\CWebApplication.php(142): CWebApplication->runController()
#4 D:\yii-1.1.12.b600af\framework\base\CApplication.php(162): CWebApplication->processRequest()
#5 C:\Program Files (x86)\EasyPHP-5.3.9\www\styledWords\index.php(13): CWebApplication->run()
REQUEST_URI=/styledWords/site/addRecord?note=1
in C:\Program Files (x86)\EasyPHP-5.3.9\www\styledWords\protected\controllers\SiteController.php (35)
in C:\Program Files (x86)\EasyPHP-5.3.9\www\styledWords\index.php (13)
2012/08/30 16:20:48 [error] [system.db.CDbCommand] CDbCommand::fetchAll() failed: SQLSTATE[42S02]: Base table or view not found: 1146 La table 'styled.word' n'existe pas. The SQL statement executed was: SHOW COLUMNS FROM `word`.
in C:\Program Files (x86)\EasyPHP-5.3.9\www\styledWords\protected\extensions\giix-core\giixModel\GiixModelCode.php (67)
in C:\Program Files (x86)\EasyPHP-5.3.9\www\styledWords\index.php (13)
2012/08/30 16:20:51 [error] [system.db.CDbCommand] CDbCommand::fetchAll() failed: SQLSTATE[42S02]: Base table or view not found: 1146 La table 'styled.word' n'existe pas. The SQL statement executed was: SHOW COLUMNS FROM `word`.
in C:\Program Files (x86)\EasyPHP-5.3.9\www\styledWords\protected\extensions\giix-core\giixModel\GiixModelCode.php (67)
in C:\Program Files (x86)\EasyPHP-5.3.9\www\styledWords\index.php (13)
2012/08/30 16:20:56 [error] [system.db.CDbCommand] CDbCommand::fetchAll() failed: SQLSTATE[42S02]: Base table or view not found: 1146 La table 'styled.word' n'existe pas. The SQL statement executed was: SHOW COLUMNS FROM `word`.
in C:\Program Files (x86)\EasyPHP-5.3.9\www\styledWords\protected\extensions\giix-core\giixModel\GiixModelCode.php (67)
in C:\Program Files (x86)\EasyPHP-5.3.9\www\styledWords\index.php (13)
2012/08/30 16:21:17 [error] [system.db.CDbCommand] CDbCommand::fetchAll() failed: SQLSTATE[42S02]: Base table or view not found: 1146 La table 'styled.word' n'existe pas. The SQL statement executed was: SHOW COLUMNS FROM `word`.
in C:\Program Files (x86)\EasyPHP-5.3.9\www\styledWords\protected\extensions\giix-core\giixModel\GiixModelCode.php (67)
in C:\Program Files (x86)\EasyPHP-5.3.9\www\styledWords\index.php (13)
2012/08/30 16:21:20 [error] [system.db.CDbCommand] CDbCommand::fetchAll() failed: SQLSTATE[42S02]: Base table or view not found: 1146 La table 'styled.word' n'existe pas. The SQL statement executed was: SHOW COLUMNS FROM `word`.
in C:\Program Files (x86)\EasyPHP-5.3.9\www\styledWords\protected\extensions\giix-core\giixModel\GiixModelCode.php (67)
in C:\Program Files (x86)\EasyPHP-5.3.9\www\styledWords\index.php (13)
2012/08/30 16:21:46 [error] [system.db.CDbCommand] CDbCommand::fetchAll() failed: SQLSTATE[42S02]: Base table or view not found: 1146 La table 'styled.word' n'existe pas. The SQL statement executed was: SHOW COLUMNS FROM `word`.
in C:\Program Files (x86)\EasyPHP-5.3.9\www\styledWords\index.php (13)
2012/08/30 16:21:58 [error] [system.db.CDbCommand] CDbCommand::fetchAll() failed: SQLSTATE[42S02]: Base table or view not found: 1146 La table 'styled.word' n'existe pas. The SQL statement executed was: SHOW COLUMNS FROM `word`.
in C:\Program Files (x86)\EasyPHP-5.3.9\www\styledWords\protected\extensions\giix-core\giixModel\GiixModelCode.php (67)
in C:\Program Files (x86)\EasyPHP-5.3.9\www\styledWords\index.php (13)
2012/08/30 16:22:01 [error] [system.db.CDbCommand] CDbCommand::fetchAll() failed: SQLSTATE[42S02]: Base table or view not found: 1146 La table 'styled.word' n'existe pas. The SQL statement executed was: SHOW COLUMNS FROM `word`.
in C:\Program Files (x86)\EasyPHP-5.3.9\www\styledWords\protected\extensions\giix-core\giixModel\GiixModelCode.php (67)
in C:\Program Files (x86)\EasyPHP-5.3.9\www\styledWords\index.php (13)
2012/08/30 16:22:12 [error] [system.db.CDbCommand] CDbCommand::fetchAll() failed: SQLSTATE[42S02]: Base table or view not found: 1146 La table 'styled.word' n'existe pas. The SQL statement executed was: SHOW COLUMNS FROM `word`.
in C:\Program Files (x86)\EasyPHP-5.3.9\www\styledWords\protected\extensions\giix-core\giixModel\GiixModelCode.php (67)
in C:\Program Files (x86)\EasyPHP-5.3.9\www\styledWords\index.php (13)
2012/08/30 16:23:26 [error] [exception.CHttpException.404] exception 'CHttpException' with message 'Unable to resolve the request "addRecord".' in D:\yii-1.1.12.b600af\framework\web\CWebApplication.php:287
Stack trace:
#0 D:\yii-1.1.12.b600af\framework\web\CWebApplication.php(142): CWebApplication->runController('addRecord')
#1 D:\yii-1.1.12.b600af\framework\base\CApplication.php(162): CWebApplication->processRequest()
#2 C:\Program Files (x86)\EasyPHP-5.3.9\www\styledWords\index.php(13): CApplication->run()
#3 {main}
REQUEST_URI=/styledWords/addRecord
HTTP_REFERER=http://127.0.0.1/styledWords/
---
2012/08/30 16:23:58 [error] [exception.CHttpException.404] exception 'CHttpException' with message 'Unable to resolve the request "addRecord".' in D:\yii-1.1.12.b600af\framework\web\CWebApplication.php:287
Stack trace:
#0 D:\yii-1.1.12.b600af\framework\web\CWebApplication.php(142): CWebApplication->runController('addRecord')
#1 D:\yii-1.1.12.b600af\framework\base\CApplication.php(162): CWebApplication->processRequest()
#2 C:\Program Files (x86)\EasyPHP-5.3.9\www\styledWords\index.php(13): CApplication->run()
#3 {main}
REQUEST_URI=/styledWords/addRecord
HTTP_REFERER=http://127.0.0.1/styledWords/
---
